<?xml version="1.0" encoding="UTF-8"?>
<!-- Generated by org.testng.reporters.JUnitXMLReporter -->
<testsuite ignored="0" hostname="LAPTOP-QH8NFJ6B" failures="0" tests="4" name="Default test" time="26.879" errors="0" timestamp="2025-08-10T12:16:29 IST">
  <testcase classname="HybridApproach.PassingMultiDimensionalArryToFbookFromAnotherClass" name="login" time="7.244"/>
  <testcase classname="HybridApproach.PassingMultiDimensionalArryToFbookFromAnotherClass" name="login" time="5.972"/>
  <testcase classname="HybridApproach.PassingMultiDimensionalArryToFbookFromAnotherClass" name="login" time="7.846"/>
  <testcase classname="HybridApproach.PassingMultiDimensionalArryToFbookFromAnotherClass" name="login" time="5.761"/>
</testsuite> <!-- Default test -->
