<?xml version="1.0" encoding="UTF-8"?>
<!-- Generated by org.testng.reporters.JUnitXMLReporter -->
<testsuite ignored="0" hostname="LAPTOP-QH8NFJ6B" failures="0" tests="3" name="Test" time="9.592" errors="0" timestamp="2025-08-16T10:31:17 IST">
  <testcase classname="HybridApproach.FetchTitle" name="fetchTitle" time="0.011"/>
  <testcase classname="HybridApproach.FetchCurrentURL" name="fetchCurrentURL" time="0.01"/>
  <testcase classname="HybridApproach.LoginFeature" name="LoginFeature" time="0.255"/>
</testsuite> <!-- Test -->
