<?xml version="1.0" encoding="UTF-8"?>
<testng-results ignored="0" total="3" passed="2" failed="1" skipped="0">
  <reporter-output>
  </reporter-output>
  <suite started-at="2025-08-16T11:34:05 IST" name="HybridApproach" finished-at="2025-08-16T11:34:17 IST" duration-ms="12371">
    <groups>
    </groups>
    <test started-at="2025-08-16T11:34:05 IST" name="Test" finished-at="2025-08-16T11:34:17 IST" duration-ms="12371">
      <class name="HybridApproach.FetchCurrentURL">
        <test-method is-config="true" signature="initBrowser()[pri:0, instance:HybridApproach.FetchCurrentURL@179ece50]" started-at="2025-08-16T11:34:10 IST" name="initBrowser" finished-at="2025-08-16T11:34:13 IST" duration-ms="3269" status="PASS">
          <reporter-output>
          </reporter-output>
        </test-method> <!-- initBrowser -->
        <test-method signature="fetchCurrentURL()[pri:0, instance:HybridApproach.FetchCurrentURL@179ece50]" started-at="2025-08-16T11:34:13 IST" name="fetchCurrentURL" finished-at="2025-08-16T11:34:13 IST" duration-ms="9" status="FAIL">
          <exception class="java.lang.AssertionError">
            <message>
              <![CDATA[null]]>
            </message>
            <full-stacktrace>
              <![CDATA[java.lang.AssertionError: null
at org.testng.Assert.fail(Assert.java:111)
at org.testng.Assert.fail(Assert.java:116)
at HybridApproach.FetchCurrentURL.fetchCurrentURL(FetchCurrentURL.java:13)
at java.base/jdk.internal.reflect.DirectMethodHandleAccessor.invoke(DirectMethodHandleAccessor.java:103)
at java.base/java.lang.reflect.Method.invoke(Method.java:580)
at org.testng.internal.invokers.MethodInvocationHelper.invokeMethod(MethodInvocationHelper.java:141)
at org.testng.internal.invokers.TestInvoker.invokeMethod(TestInvoker.java:687)
at org.testng.internal.invokers.TestInvoker.invokeTestMethod(TestInvoker.java:230)
at org.testng.internal.invokers.MethodRunner.runInSequence(MethodRunner.java:63)
at org.testng.internal.invokers.TestInvoker$MethodInvocationAgent.invoke(TestInvoker.java:995)
at org.testng.internal.invokers.TestInvoker.invokeTestMethods(TestInvoker.java:203)
at org.testng.internal.invokers.TestMethodWorker.invokeTestMethods(TestMethodWorker.java:154)
at org.testng.internal.invokers.TestMethodWorker.run(TestMethodWorker.java:134)
at java.base/java.util.ArrayList.forEach(ArrayList.java:1596)
at org.testng.TestRunner.privateRun(TestRunner.java:741)
at org.testng.TestRunner.run(TestRunner.java:616)
at org.testng.SuiteRunner.runTest(SuiteRunner.java:421)
at org.testng.SuiteRunner.runSequentially(SuiteRunner.java:413)
at org.testng.SuiteRunner.privateRun(SuiteRunner.java:373)
at org.testng.SuiteRunner.run(SuiteRunner.java:312)
at org.testng.SuiteRunnerWorker.runSuite(SuiteRunnerWorker.java:52)
at org.testng.SuiteRunnerWorker.run(SuiteRunnerWorker.java:95)
at org.testng.TestNG.runSuitesSequentially(TestNG.java:1274)
at org.testng.TestNG.runSuitesLocally(TestNG.java:1208)
at org.testng.TestNG.runSuites(TestNG.java:1112)
at org.testng.TestNG.run(TestNG.java:1079)
at org.testng.remote.AbstractRemoteTestNG.run(AbstractRemoteTestNG.java:115)
at org.testng.remote.RemoteTestNG.initAndRun(RemoteTestNG.java:293)
at org.testng.remote.RemoteTestNG.main(RemoteTestNG.java:91)
]]>
            </full-stacktrace>
          </exception> <!-- java.lang.AssertionError -->
          <reporter-output>
          </reporter-output>
        </test-method> <!-- fetchCurrentURL -->
        <test-method is-config="true" signature="closeBrowser()[pri:0, instance:HybridApproach.FetchCurrentURL@179ece50]" started-at="2025-08-16T11:34:13 IST" name="closeBrowser" finished-at="2025-08-16T11:34:13 IST" duration-ms="201" status="PASS">
          <reporter-output>
          </reporter-output>
        </test-method> <!-- closeBrowser -->
      </class> <!-- HybridApproach.FetchCurrentURL -->
      <class name="HybridApproach.LoginFeature">
        <test-method is-config="true" signature="initBrowser()[pri:0, instance:HybridApproach.LoginFeature@3b0090a4]" started-at="2025-08-16T11:34:13 IST" name="initBrowser" finished-at="2025-08-16T11:34:17 IST" duration-ms="3079" status="PASS">
          <reporter-output>
          </reporter-output>
        </test-method> <!-- initBrowser -->
        <test-method signature="LoginFeature()[pri:0, instance:HybridApproach.LoginFeature@3b0090a4]" started-at="2025-08-16T11:34:17 IST" name="LoginFeature" finished-at="2025-08-16T11:34:17 IST" duration-ms="238" status="PASS">
          <reporter-output>
          </reporter-output>
        </test-method> <!-- LoginFeature -->
        <test-method is-config="true" signature="closeBrowser()[pri:0, instance:HybridApproach.LoginFeature@3b0090a4]" started-at="2025-08-16T11:34:17 IST" name="closeBrowser" finished-at="2025-08-16T11:34:17 IST" duration-ms="210" status="PASS">
          <reporter-output>
          </reporter-output>
        </test-method> <!-- closeBrowser -->
      </class> <!-- HybridApproach.LoginFeature -->
      <class name="HybridApproach.FetchTitle">
        <test-method is-config="true" signature="initBrowser()[pri:0, instance:HybridApproach.FetchTitle@36fc695d]" started-at="2025-08-16T11:34:05 IST" name="initBrowser" finished-at="2025-08-16T11:34:10 IST" duration-ms="5112" status="PASS">
          <reporter-output>
          </reporter-output>
        </test-method> <!-- initBrowser -->
        <test-method signature="fetchTitle()[pri:0, instance:HybridApproach.FetchTitle@36fc695d]" started-at="2025-08-16T11:34:10 IST" name="fetchTitle" finished-at="2025-08-16T11:34:10 IST" duration-ms="11" status="PASS">
          <reporter-output>
          </reporter-output>
        </test-method> <!-- fetchTitle -->
        <test-method is-config="true" signature="closeBrowser()[pri:0, instance:HybridApproach.FetchTitle@36fc695d]" started-at="2025-08-16T11:34:10 IST" name="closeBrowser" finished-at="2025-08-16T11:34:10 IST" duration-ms="205" status="PASS">
          <reporter-output>
          </reporter-output>
        </test-method> <!-- closeBrowser -->
      </class> <!-- HybridApproach.FetchTitle -->
    </test> <!-- Test -->
  </suite> <!-- HybridApproach -->
</testng-results>
