<?xml version="1.0" encoding="UTF-8"?>
<!-- Generated by org.testng.reporters.JUnitXMLReporter -->
<testsuite ignored="0" hostname="LAPTOP-QH8NFJ6B" failures="1" tests="3" name="Test" time="12.371" errors="0" timestamp="2025-08-16T11:34:17 IST">
  <testcase classname="HybridApproach.FetchTitle" name="fetchTitle" time="0.011"/>
  <testcase classname="HybridApproach.FetchCurrentURL" name="fetchCurrentURL" time="0.009">
    <failure type="java.lang.AssertionError" message="null">
      <![CDATA[java.lang.AssertionError: null
at HybridApproach.FetchCurrentURL.fetchCurrentURL(FetchCurrentURL.java:13)
at java.base/java.util.ArrayList.forEach(ArrayList.java:1596)
... Removed 27 stack frames]]>
    </failure>
  </testcase> <!-- fetchCurrentURL -->
  <testcase classname="HybridApproach.LoginFeature" name="LoginFeature" time="0.238"/>
</testsuite> <!-- Test -->
